{"time":"2024-09-17T19:14:27.421351-04:00","level":"INFO","msg":"Initializing termbox"}
{"time":"2024-09-17T19:14:27.423245-04:00","level":"INFO","msg":"Constructing player"}
{"time":"2024-09-17T19:14:27.423269-04:00","level":"INFO","msg":"Constructing operator"}
{"time":"2024-09-17T19:14:27.440121-04:00","level":"INFO","msg":"Setting up mDNS"}
{"time":"2024-09-17T19:14:27.440245-04:00","level":"INFO","msg":"Dispatched a local listener"}
{"time":"2024-09-17T19:14:28.148847-04:00","level":"INFO","msg":"Initialiing Cursor"}
{"time":"2024-09-17T19:14:28.148896-04:00","level":"INFO","msg":"Initializing cursor for player x at symbol play"}
{"time":"2024-09-17T19:14:28.148962-04:00","level":"INFO","msg":"Dispatch Blink thread"}
{"time":"2024-09-17T19:14:28.149123-04:00","level":"INFO","msg":"Polling keyboard"}
{"time":"2024-09-17T19:14:34.870643-04:00","level":"INFO","msg":"Displacing..."}
{"time":"2024-09-17T19:14:34.871206-04:00","level":"INFO","msg":"Sending displacement..."}
{"time":"2024-09-17T19:14:34.871493-04:00","level":"INFO","msg":"Sending payload: [1111011 100010 1001101 1100101 1110011 1110011 1100001 1100111 1100101 1010100 1111001 1110000 1100101 100010 111010 100010 1000111 1000001 1001101 1000101 1000010 1001111 1000001 1010010 1000100 1011111 1010011 1010100 1000001 1010100 1000101 100010 101100 100010 1000100 1100001 1110100 1100001 100010 111010 1111011 100010 1010011 1110010 1100011 1001001 1100100 100010 111010 110010 110101 110001 110100 110100 110010 110111 110001 110011 110100 101100 100010 1000100 1110011 1110100 1001001 1100100 100010 111010 110000 101100 100010 1010000 1101100 1100001 1111001 1100101 1110010 100010 111010 1111011 100010 1001001 1100100 100010 111010 100010 110000 110000 110000 110000 110000 110000 110000 110000 101101 110000 110000 110000 110000 101101 110000 110000 110000 110000 101101 110000 110000 110000 110000 101101 110000 110000 110000 110000 110000 110000 110000 110000 110000 110000 110000 110000 100010 101100 100010 1000011 1110101 1110010 1110011 1101111 1110010 100010 111010 1101110 1110101 1101100 1101100 101100 100010 1001100 1101001 1110110 1100101 1110011 100010 111010 110000 1111101 1111101 1111101]"}
{"time":"2024-09-17T19:14:34.872129-04:00","level":"INFO","msg":"Message{GAME_MESSAGE} published"}
{"time":"2024-09-17T19:14:34.872144-04:00","level":"INFO","msg":"Polling keyboard"}
{"time":"2024-09-17T19:14:34.87218-04:00","level":"INFO","msg":"Message received from subscription"}
{"time":"2024-09-17T19:14:37.123605-04:00","level":"INFO","msg":"Displacing..."}
{"time":"2024-09-17T19:14:37.124185-04:00","level":"INFO","msg":"Sending displacement..."}
{"time":"2024-09-17T19:14:37.124264-04:00","level":"INFO","msg":"Sending payload: [1111011 100010 1001101 1100101 1110011 1110011 1100001 1100111 1100101 1010100 1111001 1110000 1100101 100010 111010 100010 1000111 1000001 1001101 1000101 1000010 1001111 1000001 1010010 1000100 1011111 1010011 1010100 1000001 1010100 1000101 100010 101100 100010 1000100 1100001 1110100 1100001 100010 111010 1111011 100010 1010011 1110010 1100011 1001001 1100100 100010 111010 110010 110101 110001 110100 110100 110010 110111 110001 110011 110100 101100 100010 1000100 1110011 1110100 1001001 1100100 100010 111010 110000 101100 100010 1010000 1101100 1100001 1111001 1100101 1110010 100010 111010 1111011 100010 1001001 1100100 100010 111010 100010 110000 110000 110000 110000 110000 110000 110000 110000 101101 110000 110000 110000 110000 101101 110000 110000 110000 110000 101101 110000 110000 110000 110000 101101 110000 110000 110000 110000 110000 110000 110000 110000 110000 110000 110000 110000 100010 101100 100010 1000011 1110101 1110010 1110011 1101111 1110010 100010 111010 1101110 1110101 1101100 1101100 101100 100010 1001100 1101001 1110110 1100101 1110011 100010 111010 110000 1111101 1111101 1111101]"}
{"time":"2024-09-17T19:14:37.124497-04:00","level":"INFO","msg":"Message{GAME_MESSAGE} published"}
{"time":"2024-09-17T19:14:37.124518-04:00","level":"INFO","msg":"Polling keyboard"}
{"time":"2024-09-17T19:14:39.797454-04:00","level":"INFO","msg":"Displacing..."}
{"time":"2024-09-17T19:14:39.798047-04:00","level":"INFO","msg":"Sending displacement..."}
{"time":"2024-09-17T19:14:39.798121-04:00","level":"INFO","msg":"Sending payload: [1111011 100010 1001101 1100101 1110011 1110011 1100001 1100111 1100101 1010100 1111001 1110000 1100101 100010 111010 100010 1000111 1000001 1001101 1000101 1000010 1001111 1000001 1010010 1000100 1011111 1010011 1010100 1000001 1010100 1000101 100010 101100 100010 1000100 1100001 1110100 1100001 100010 111010 1111011 100010 1010011 1110010 1100011 1001001 1100100 100010 111010 110010 110101 110001 110100 110100 110010 110111 110001 110011 110100 101100 100010 1000100 1110011 1110100 1001001 1100100 100010 111010 110000 101100 100010 1010000 1101100 1100001 1111001 1100101 1110010 100010 111010 1111011 100010 1001001 1100100 100010 111010 100010 110000 110000 110000 110000 110000 110000 110000 110000 101101 110000 110000 110000 110000 101101 110000 110000 110000 110000 101101 110000 110000 110000 110000 101101 110000 110000 110000 110000 110000 110000 110000 110000 110000 110000 110000 110000 100010 101100 100010 1000011 1110101 1110010 1110011 1101111 1110010 100010 111010 1101110 1110101 1101100 1101100 101100 100010 1001100 1101001 1110110 1100101 1110011 100010 111010 110000 1111101 1111101 1111101]"}
{"time":"2024-09-17T19:14:39.798405-04:00","level":"INFO","msg":"Message{GAME_MESSAGE} published"}
{"time":"2024-09-17T19:14:39.798423-04:00","level":"INFO","msg":"Polling keyboard"}
